nohup: ignoring input
** Invoke sneakers:run (first_time)
** Execute sneakers:run
** Invoke environment (first_time)
** Execute environment
2021-07-13T05:45:53Z p-14 t-gn61r6tes DEBUG: [worker-returned_books:1:8rygcz][#<Thread:0x0000556855ab32c8 run>][returned_books][#<Sneakers::Configuration:0x0000556858a008c8>] New worker: subscribing.
2021-07-13T05:45:53Z p-14 t-gn61r6tes DEBUG: [worker-returned_books:1:8rygcz][#<Thread:0x0000556855ab32c8 run>][returned_books][#<Sneakers::Configuration:0x0000556858a008c8>] New worker: I'm alive.
2021-07-13T05:45:53Z p-14 t-gn61r6tes DEBUG: [worker-taken_books:1:q27zjv][#<Thread:0x0000556855ab32c8 run>][taken_books][#<Sneakers::Configuration:0x0000556858a183d8>] New worker: subscribing.
2021-07-13T05:45:53Z p-14 t-gn61r6tes DEBUG: [worker-taken_books:1:q27zjv][#<Thread:0x0000556855ab32c8 run>][taken_books][#<Sneakers::Configuration:0x0000556858a183d8>] New worker: I'm alive.
2021-07-13T05:45:53Z p-26 t-gn61r6tes DEBUG: [worker-returned_books:1:86d735][#<Thread:0x0000556855ab32c8 run>][returned_books][#<Sneakers::Configuration:0x0000556858a19e40>] New worker: subscribing.
2021-07-13T05:45:53Z p-26 t-gn61r6tes DEBUG: [worker-returned_books:1:86d735][#<Thread:0x0000556855ab32c8 run>][returned_books][#<Sneakers::Configuration:0x0000556858a19e40>] New worker: I'm alive.
2021-07-13T05:45:53Z p-26 t-gn61r6tes DEBUG: [worker-taken_books:1:87ztel][#<Thread:0x0000556855ab32c8 run>][taken_books][#<Sneakers::Configuration:0x0000556858a33c78>] New worker: subscribing.
2021-07-13T05:45:53Z p-26 t-gn61r6tes DEBUG: [worker-taken_books:1:87ztel][#<Thread:0x0000556855ab32c8 run>][taken_books][#<Sneakers::Configuration:0x0000556858a33c78>] New worker: I'm alive.
2021-07-13T05:47:06Z p-14 t-gn626mri0 DEBUG: [worker-taken_books:1:q27zjv][#<Thread:0x0000556858c2c570@/usr/local/bundle/gems/bunny-2.19.0/lib/bunny/consumer_work_pool.rb:101 run>][taken_books][#<Sneakers::Configuration:0x0000556858a183d8>] Working off: "{\"taken_book_uid\":\"ca46a203-a712-4959-9b42-803c26d86b79\",\"user_uid\":\"75e9328d-92dd-41ee-9367-8fd7f71386a2\",\"library_uid\":\"b7731730-2839-4929-b4a5-9db84480de4b\",\"book_uid\":\"d46728a4-2a6d-4c8a-9398-e6da070c8e4d\",\"take_date\":\"13.07.2021 \xD0\xB2 08:47\",\"status\":\"new\"}"
2021-07-13T05:47:06Z p-14 t-gn626omn8 INFO: New message from taken_books queue: {"taken_book_uid"=>"ca46a203-a712-4959-9b42-803c26d86b79", "user_uid"=>"75e9328d-92dd-41ee-9367-8fd7f71386a2", "library_uid"=>"b7731730-2839-4929-b4a5-9db84480de4b", "book_uid"=>"d46728a4-2a6d-4c8a-9398-e6da070c8e4d", "take_date"=>"13.07.2021 в 08:47", "status"=>"new"}
2021-07-13T05:47:06Z p-14 t-gn626omn8 INFO: Request to Books Service to get book 'd46728a4-2a6d-4c8a-9398-e6da070c8e4d'
2021-07-13T05:47:08Z p-14 t-gn626omn8 INFO: Request to Book Service for a token
2021-07-13T05:47:08Z p-14 t-gn626omn8 INFO: Request to Books Service to get book 'd46728a4-2a6d-4c8a-9398-e6da070c8e4d' again
2021-07-13T05:47:08Z p-14 t-gn626omn8 ERROR: Taken Books: Failed to get book 'd46728a4-2a6d-4c8a-9398-e6da070c8e4d' info: 404 Not Found
2021-07-13T05:47:08Z p-14 t-gn626omn8 INFO: Taken Books: Add new taken book: {"id"=>15, "taken_book_uid"=>"ca46a203-a712-4959-9b42-803c26d86b79", "user_uid"=>"75e9328d-92dd-41ee-9367-8fd7f71386a2", "book_uid"=>"d46728a4-2a6d-4c8a-9398-e6da070c8e4d", "take_date"=>Tue, 13 Jul 2021 08:47:00.000000000 UTC +00:00, "return_date"=>nil, "in_time"=>nil, "status"=>"new", "book"=>nil, "author"=>nil, "genre"=>nil, "created_at"=>Tue, 13 Jul 2021 05:47:08.832500000 UTC +00:00, "updated_at"=>Tue, 13 Jul 2021 05:47:08.832500000 UTC +00:00}
2021-07-13T05:49:41Z p-26 t-gn626nsro DEBUG: [worker-taken_books:1:87ztel][#<Thread:0x0000556858c43ec8@/usr/local/bundle/gems/bunny-2.19.0/lib/bunny/consumer_work_pool.rb:101 run>][taken_books][#<Sneakers::Configuration:0x0000556858a33c78>] Working off: "{\"taken_book_uid\":\"6fd61f83-48e2-4fd3-8e41-d380f3c28c79\",\"user_uid\":\"75e9328d-92dd-41ee-9367-8fd7f71386a2\",\"library_uid\":\"b7731730-2839-4929-b4a5-9db84480de4b\",\"book_uid\":\"a11dabd3-9307-4c0b-b652-f6342067a15b\",\"take_date\":\"13.07.2021 \xD0\xB2 08:49\",\"status\":\"new\"}"
2021-07-13T05:49:41Z p-26 t-gn626pmnw INFO: New message from taken_books queue: {"taken_book_uid"=>"6fd61f83-48e2-4fd3-8e41-d380f3c28c79", "user_uid"=>"75e9328d-92dd-41ee-9367-8fd7f71386a2", "library_uid"=>"b7731730-2839-4929-b4a5-9db84480de4b", "book_uid"=>"a11dabd3-9307-4c0b-b652-f6342067a15b", "take_date"=>"13.07.2021 в 08:49", "status"=>"new"}
2021-07-13T05:49:42Z p-26 t-gn626pmnw INFO: Request to Books Service to get book 'a11dabd3-9307-4c0b-b652-f6342067a15b'
2021-07-13T05:49:42Z p-26 t-gn626pmnw INFO: Request to Book Service for a token
2021-07-13T05:49:42Z p-26 t-gn626pmnw INFO: Request to Books Service to get book 'a11dabd3-9307-4c0b-b652-f6342067a15b' again
2021-07-13T05:49:42Z p-26 t-gn626pmnw INFO: Taken Books: Add new taken book: {"id"=>16, "taken_book_uid"=>"6fd61f83-48e2-4fd3-8e41-d380f3c28c79", "user_uid"=>"75e9328d-92dd-41ee-9367-8fd7f71386a2", "book_uid"=>"a11dabd3-9307-4c0b-b652-f6342067a15b", "take_date"=>Tue, 13 Jul 2021 08:49:00.000000000 UTC +00:00, "return_date"=>nil, "in_time"=>nil, "status"=>"new", "book"=>"Педагогическая поема", "author"=>"Антон Семёнович Макаренко", "genre"=>"роман", "created_at"=>Tue, 13 Jul 2021 05:49:42.170117000 UTC +00:00, "updated_at"=>Tue, 13 Jul 2021 05:49:42.170117000 UTC +00:00}
2021-07-13T05:51:06Z p-14 t-gn626mri0 DEBUG: [worker-taken_books:1:q27zjv][#<Thread:0x0000556858c2c570@/usr/local/bundle/gems/bunny-2.19.0/lib/bunny/consumer_work_pool.rb:101 run>][taken_books][#<Sneakers::Configuration:0x0000556858a183d8>] Working off: "{\"taken_book_uid\":\"258886cd-7ddc-4627-b79d-7009da331af7\",\"user_uid\":\"75e9328d-92dd-41ee-9367-8fd7f71386a2\",\"library_uid\":\"b7731730-2839-4929-b4a5-9db84480de4b\",\"book_uid\":\"a11dabd3-9307-4c0b-b652-f6342067a15b\",\"take_date\":\"13.07.2021 \xD0\xB2 08:51\",\"status\":\"new\"}"
2021-07-13T05:51:06Z p-14 t-gn62bi8n8 INFO: New message from taken_books queue: {"taken_book_uid"=>"258886cd-7ddc-4627-b79d-7009da331af7", "user_uid"=>"75e9328d-92dd-41ee-9367-8fd7f71386a2", "library_uid"=>"b7731730-2839-4929-b4a5-9db84480de4b", "book_uid"=>"a11dabd3-9307-4c0b-b652-f6342067a15b", "take_date"=>"13.07.2021 в 08:51", "status"=>"new"}
2021-07-13T05:51:06Z p-14 t-gn62bi8n8 INFO: Request to Books Service to get book 'a11dabd3-9307-4c0b-b652-f6342067a15b'
2021-07-13T05:51:06Z p-14 t-gn62bi8n8 INFO: Taken Books: Add new taken book: {"id"=>17, "taken_book_uid"=>"258886cd-7ddc-4627-b79d-7009da331af7", "user_uid"=>"75e9328d-92dd-41ee-9367-8fd7f71386a2", "book_uid"=>"a11dabd3-9307-4c0b-b652-f6342067a15b", "take_date"=>Tue, 13 Jul 2021 08:51:00.000000000 UTC +00:00, "return_date"=>nil, "in_time"=>nil, "status"=>"new", "book"=>"Педагогическая поема", "author"=>"Антон Семёнович Макаренко", "genre"=>"роман", "created_at"=>Tue, 13 Jul 2021 05:51:06.875398000 UTC +00:00, "updated_at"=>Tue, 13 Jul 2021 05:51:06.875398000 UTC +00:00}
